Arguments: 
  E:\学习\前端学习\New Folder\node.exe C:\Users\Administrator\AppData\Roaming\npm\node_modules\yarn\bin\yarn.js add cross-env –d

PATH: 
  C:\Users\Administrator\bin;F:\git\Git\mingw64\bin;F:\git\Git\usr\local\bin;F:\git\Git\usr\bin;F:\git\Git\usr\bin;F:\git\Git\mingw64\bin;F:\git\Git\usr\bin;C:\Users\Administrator\bin;C:\windows\system32;C:\windows;C:\windows\System32\Wbem;C:\windows\System32\WindowsPowerShell\v1.0;%JAVA_HOME%\bin;%JAVA_HOME%\jre\BIN;E:\学习\前端学习\New Folder;E:\Py;hon;E:\Python\Scripts;E:\MongoDB\bin;C:\Users\Administrator\AppData\Roaming\npm;F:\git\Git\cmd;C:\Users\Administrator\AppData\Local\Microsoft\WindowsApps;D:\webStrom\WebStorm 2018.3.4\bin;E:\Microsoft VS Code\bin;C:\Users\Administrator\AppData\Roaming\npm;E:\huya\Fiddler;F:\git\Git\usr\bin\vendor_perl;F:\git\Git\usr\bin\core_perl

Yarn version: 
  1.22.0

Node version: 
  13.7.0

Platform: 
  win32 x64

Trace: 
  TypeError [ERR_UNESCAPED_CHARACTERS]: Request path contains unescaped characters
      at new ClientRequest (_http_client.js:149:13)
      at Object.request (https.js:310:10)
      at Request.module.exports.Request.start (C:\Users\Administrator\AppData\Roaming\npm\node_modules\yarn\lib\cli.js:141289:32)
      at Request.module.exports.Request.end (C:\Users\Administrator\AppData\Roaming\npm\node_modules\yarn\lib\cli.js:142048:10)
      at end (C:\Users\Administrator\AppData\Roaming\npm\node_modules\yarn\lib\cli.js:141102:14)
      at Immediate._onImmediate (C:\Users\Administrator\AppData\Roaming\npm\node_modules\yarn\lib\cli.js:141116:7)
      at processImmediate (internal/timers.js:456:21)

npm manifest: 
  {
    "name": "yxchan",
    "version": "0.1.0",
    "private": true,
    "scripts": {
      "dev": "node server.js",
      "build": "next build",
      "start": "process.env.NODE_ENV=production node server.js"
    },
    "dependencies": {
      "antd": "^4.0.2",
      "axios": "^0.19.2",
      "express": "^4.17.1",
      "for-editor": "^0.3.5",
      "next": "^9.3.0",
      "next-redux-saga": "^4.1.2",
      "next-redux-wrapper": "^5.0.0",
      "react": "^16.13.0",
      "react-dom": "^16.13.0",
      "react-markdown": "^4.3.1",
      "react-redux": "^7.2.0",
      "redux": "^4.0.5",
      "redux-devtools-extension": "^2.13.8",
      "redux-logger": "^3.0.6",
      "redux-saga": "^1.1.3",
      "sass": "^1.26.3"
    }
  }

yarn manifest: 
  No manifest

Lockfile: 
  No lockfile
